#
# There is insufficient memory for the Java Runtime Environment to continue.
# Native memory allocation (malloc) failed to allocate 32744 bytes. Error detail: ChunkPool::allocate
# Possible reasons:
#   The system is out of physical RAM or swap space
#   This process is running with CompressedOops enabled, and the Java Heap may be blocking the growth of the native heap
# Possible solutions:
#   Reduce memory load on the system
#   Increase physical memory or swap space
#   Check if swap backing store is full
#   Decrease Java heap size (-Xmx/-Xms)
#   Decrease number of Java threads
#   Decrease Java thread stack sizes (-Xss)
#   Set larger code cache with -XX:ReservedCodeCacheSize=
#   JVM is running with Unscaled Compressed Oops mode in which the Java heap is
#     placed in the first 4GB address space. The Java Heap base address is the
#     maximum limit for the native heap growth. Please use -XX:HeapBaseMinAddress
#     to set the Java Heap base and to place the Java Heap above 4GB virtual address.
# This output file may be truncated or incomplete.
#
#  Out of Memory Error (arena.cpp:79), pid=20032, tid=19252
#
# JRE version: OpenJDK Runtime Environment Microsoft-9889599 (17.0.12+7) (build 17.0.12+7-LTS)
# Java VM: OpenJDK 64-Bit Server VM Microsoft-9889599 (17.0.12+7-LTS, mixed mode, sharing, tiered, compressed oops, compressed class ptrs, g1 gc, windows-amd64)
# No core dump will be written. Minidumps are not enabled by default on client versions of Windows
#

---------------  S U M M A R Y ------------

Command Line: -Xmx64m -Xms64m -Dorg.gradle.appname=gradlew org.gradle.wrapper.GradleWrapperMain app:installDebug -PreactNativeDevServerPort=8081

Host: Intel(R) Core(TM) i5-6300U CPU @ 2.40GHz, 4 cores, 7G,  Windows 11 , 64 bit Build 22621 (10.0.22621.3958)
Time: Thu May  7 21:55:21 2026 Pakistan Standard Time elapsed time: 0.746156 seconds (0d 0h 0m 0s)

---------------  T H R E A D  ---------------

Current thread (0x000001552e3e8080):  JavaThread "C2 CompilerThread0" daemon [_thread_in_native, id=19252, stack(0x0000001a8e400000,0x0000001a8e500000)]


Current CompileTask:
C2:    746  171       4       java.lang.CharacterDataLatin1::toUpperCaseEx (71 bytes)

Stack: [0x0000001a8e400000,0x0000001a8e500000]
Native frames: (J=compiled Java code, j=interpreted, Vv=VM code, C=native code)
V  [jvm.dll+0x686d99]
V  [jvm.dll+0x83daf8]
V  [jvm.dll+0x83f5a3]
V  [jvm.dll+0x83fc13]
V  [jvm.dll+0x2492ef]
V  [jvm.dll+0xad2ac]
V  [jvm.dll+0xad73c]
V  [jvm.dll+0x662d60]
V  [jvm.dll+0x618885]
V  [jvm.dll+0x616d6c]
V  [jvm.dll+0x21a3b0]
V  [jvm.dll+0x21996f]
V  [jvm.dll+0x1a53e6]
V  [jvm.dll+0x229faa]
V  [jvm.dll+0x2280fb]
V  [jvm.dll+0x7f3508]
V  [jvm.dll+0x7ed87c]
V  [jvm.dll+0x685c77]
C  [ucrtbase.dll+0x29333]
C  [KERNEL32.DLL+0x1257d]
C  [ntdll.dll+0x5af08]


---------------  P R O C E S S  ---------------

Threads class SMR info:
_java_thread_list=0x00000155475d04c0, length=12, elements={
0x000001552e338c90, 0x000001552e3ca800, 0x000001552e3cb680, 0x000001552e3e2420,
0x000001552e3e5f60, 0x000001552e3e6920, 0x000001552e3e72e0, 0x000001552e3e8080,
0x0000015547524af0, 0x0000015547527bc0, 0x00000155475f28d0, 0x00000155475f8f80
}

Java Threads: ( => current thread )
  0x000001552e338c90 JavaThread "main" [_thread_in_Java, id=19972, stack(0x0000001a8d700000,0x0000001a8d800000)]
  0x000001552e3ca800 JavaThread "Reference Handler" daemon [_thread_blocked, id=8088, stack(0x0000001a8de00000,0x0000001a8df00000)]
  0x000001552e3cb680 JavaThread "Finalizer" daemon [_thread_blocked, id=18300, stack(0x0000001a8df00000,0x0000001a8e000000)]
  0x000001552e3e2420 JavaThread "Signal Dispatcher" daemon [_thread_blocked, id=19492, stack(0x0000001a8e000000,0x0000001a8e100000)]
  0x000001552e3e5f60 JavaThread "Attach Listener" daemon [_thread_blocked, id=13304, stack(0x0000001a8e100000,0x0000001a8e200000)]
  0x000001552e3e6920 JavaThread "Service Thread" daemon [_thread_blocked, id=13408, stack(0x0000001a8e200000,0x0000001a8e300000)]
  0x000001552e3e72e0 JavaThread "Monitor Deflation Thread" daemon [_thread_blocked, id=10812, stack(0x0000001a8e300000,0x0000001a8e400000)]
=>0x000001552e3e8080 JavaThread "C2 CompilerThread0" daemon [_thread_in_native, id=19252, stack(0x0000001a8e400000,0x0000001a8e500000)]
  0x0000015547524af0 JavaThread "C1 CompilerThread0" daemon [_thread_in_native, id=12224, stack(0x0000001a8e500000,0x0000001a8e600000)]
  0x0000015547527bc0 JavaThread "Sweeper thread" daemon [_thread_blocked, id=16788, stack(0x0000001a8e600000,0x0000001a8e700000)]
  0x00000155475f28d0 JavaThread "Notification Thread" daemon [_thread_blocked, id=18776, stack(0x0000001a8e700000,0x0000001a8e800000)]
  0x00000155475f8f80 JavaThread "Common-Cleaner" daemon [_thread_blocked, id=18256, stack(0x0000001a8e900000,0x0000001a8ea00000)]

Other Threads:
  0x000001552e3c5440 VMThread "VM Thread" [stack: 0x0000001a8dd00000,0x0000001a8de00000] [id=13012]
  0x000001554759ed10 WatcherThread [stack: 0x0000001a8e800000,0x0000001a8e900000] [id=19452]
  0x000001552e35a3d0 GCTaskThread "GC Thread#0" [stack: 0x0000001a8d800000,0x0000001a8d900000] [id=18944]
  0x000001552e35bb20 ConcurrentGCThread "G1 Main Marker" [stack: 0x0000001a8d900000,0x0000001a8da00000] [id=20200]
  0x000001552e35c540 ConcurrentGCThread "G1 Conc#0" [stack: 0x0000001a8da00000,0x0000001a8db00000] [id=19812]
  0x000001552e3aa3b0 ConcurrentGCThread "G1 Refine#0" [stack: 0x0000001a8db00000,0x0000001a8dc00000] [id=15932]
  0x000001552e3aade0 ConcurrentGCThread "G1 Service" [stack: 0x0000001a8dc00000,0x0000001a8dd00000] [id=18056]

Threads with active compile tasks:
C2 CompilerThread0      781  171       4       java.lang.CharacterDataLatin1::toUpperCaseEx (71 bytes)
C1 CompilerThread0      781  197   !   3       java.util.regex.Pattern::closure (276 bytes)

VM state: not at safepoint (normal execution)

VM Mutex/Monitor currently owned by a thread: None

Heap address: 0x00000000fc000000, size: 64 MB, Compressed Oops mode: 32-bit

CDS archive(s) mapped at: [0x0000015548000000-0x0000015548bb0000-0x0000015548bb0000), size 12255232, SharedBaseAddress: 0x0000015548000000, ArchiveRelocationMode: 1.
Compressed class space mapped at: 0x0000015549000000-0x0000015589000000, reserved size: 1073741824
Narrow klass base: 0x0000015548000000, Narrow klass shift: 0, Narrow klass range: 0x100000000

GC Precious Log:
 CPUs: 4 total, 4 available
 Memory: 8073M
 Large Page Support: Disabled
 NUMA Support: Disabled
 Compressed Oops: Enabled (32-bit)
 Heap Region Size: 1M
 Heap Min Capacity: 64M
 Heap Initial Capacity: 64M
 Heap Max Capacity: 64M
 Pre-touch: Disabled
 Parallel Workers: 4
 Concurrent Workers: 1
 Concurrent Refinement Workers: 4
 Periodic GC: Disabled

Heap:
 garbage-first heap   total 65536K, used 2048K [0x00000000fc000000, 0x0000000100000000)
  region size 1024K, 3 young (3072K), 0 survivors (0K)
 Metaspace       used 1121K, committed 1280K, reserved 1114112K
  class space    used 113K, committed 192K, reserved 1048576K

Heap Regions: E=young(eden), S=young(survivor), O=old, HS=humongous(starts), HC=humongous(continues), CS=collection set, F=free, OA=open archive, CA=closed archive, TAMS=top-at-mark-start (previous, next)
|   0|0x00000000fc000000, 0x00000000fc000000, 0x00000000fc100000|  0%| F|  |TAMS 0x00000000fc000000, 0x00000000fc000000| Untracked 
|   1|0x00000000fc100000, 0x00000000fc100000, 0x00000000fc200000|  0%| F|  |TAMS 0x00000000fc100000, 0x00000000fc100000| Untracked 
|   2|0x00000000fc200000, 0x00000000fc200000, 0x00000000fc300000|  0%| F|  |TAMS 0x00000000fc200000, 0x00000000fc200000| Untracked 
|   3|0x00000000fc300000, 0x00000000fc300000, 0x00000000fc400000|  0%| F|  |TAMS 0x00000000fc300000, 0x00000000fc300000| Untracked 
|   4|0x00000000fc400000, 0x00000000fc400000, 0x00000000fc500000|  0%| F|  |TAMS 0x00000000fc400000, 0x00000000fc400000| Untracked 
|   5|0x00000000fc500000, 0x00000000fc500000, 0x00000000fc600000|  0%| F|  |TAMS 0x00000000fc500000, 0x00000000fc500000| Untracked 
|   6|0x00000000fc600000, 0x00000000fc600000, 0x00000000fc700000|  0%| F|  |TAMS 0x00000000fc600000, 0x00000000fc600000| Untracked 
|   7|0x00000000fc700000, 0x00000000fc700000, 0x00000000fc800000|  0%| F|  |TAMS 0x00000000fc700000, 0x00000000fc700000| Untracked 
|   8|0x00000000fc800000, 0x00000000fc800000, 0x00000000fc900000|  0%| F|  |TAMS 0x00000000fc800000, 0x00000000fc800000| Untracked 
|   9|0x00000000fc900000, 0x00000000fc900000, 0x00000000fca00000|  0%| F|  |TAMS 0x00000000fc900000, 0x00000000fc900000| Untracked 
|  10|0x00000000fca00000, 0x00000000fca00000, 0x00000000fcb00000|  0%| F|  |TAMS 0x00000000fca00000, 0x00000000fca00000| Untracked 
|  11|0x00000000fcb00000, 0x00000000fcb00000, 0x00000000fcc00000|  0%| F|  |TAMS 0x00000000fcb00000, 0x00000000fcb00000| Untracked 
|  12|0x00000000fcc00000, 0x00000000fcc00000, 0x00000000fcd00000|  0%| F|  |TAMS 0x00000000fcc00000, 0x00000000fcc00000| Untracked 
|  13|0x00000000fcd00000, 0x00000000fcd00000, 0x00000000fce00000|  0%| F|  |TAMS 0x00000000fcd00000, 0x00000000fcd00000| Untracked 
|  14|0x00000000fce00000, 0x00000000fce00000, 0x00000000fcf00000|  0%| F|  |TAMS 0x00000000fce00000, 0x00000000fce00000| Untracked 
|  15|0x00000000fcf00000, 0x00000000fcf00000, 0x00000000fd000000|  0%| F|  |TAMS 0x00000000fcf00000, 0x00000000fcf00000| Untracked 
|  16|0x00000000fd000000, 0x00000000fd000000, 0x00000000fd100000|  0%| F|  |TAMS 0x00000000fd000000, 0x00000000fd000000| Untracked 
|  17|0x00000000fd100000, 0x00000000fd100000, 0x00000000fd200000|  0%| F|  |TAMS 0x00000000fd100000, 0x00000000fd100000| Untracked 
|  18|0x00000000fd200000, 0x00000000fd200000, 0x00000000fd300000|  0%| F|  |TAMS 0x00000000fd200000, 0x00000000fd200000| Untracked 
|  19|0x00000000fd300000, 0x00000000fd300000, 0x00000000fd400000|  0%| F|  |TAMS 0x00000000fd300000, 0x00000000fd300000| Untracked 
|  20|0x00000000fd400000, 0x00000000fd400000, 0x00000000fd500000|  0%| F|  |TAMS 0x00000000fd400000, 0x00000000fd400000| Untracked 
|  21|0x00000000fd500000, 0x00000000fd500000, 0x00000000fd600000|  0%| F|  |TAMS 0x00000000fd500000, 0x00000000fd500000| Untracked 
|  22|0x00000000fd600000, 0x00000000fd600000, 0x00000000fd700000|  0%| F|  |TAMS 0x00000000fd600000, 0x00000000fd600000| Untracked 
|  23|0x00000000fd700000, 0x00000000fd700000, 0x00000000fd800000|  0%| F|  |TAMS 0x00000000fd700000, 0x00000000fd700000| Untracked 
|  24|0x00000000fd800000, 0x00000000fd800000, 0x00000000fd900000|  0%| F|  |TAMS 0x00000000fd800000, 0x00000000fd800000| Untracked 
|  25|0x00000000fd900000, 0x00000000fd900000, 0x00000000fda00000|  0%| F|  |TAMS 0x00000000fd900000, 0x00000000fd900000| Untracked 
|  26|0x00000000fda00000, 0x00000000fda00000, 0x00000000fdb00000|  0%| F|  |TAMS 0x00000000fda00000, 0x00000000fda00000| Untracked 
|  27|0x00000000fdb00000, 0x00000000fdb00000, 0x00000000fdc00000|  0%| F|  |TAMS 0x00000000fdb00000, 0x00000000fdb00000| Untracked 
|  28|0x00000000fdc00000, 0x00000000fdc00000, 0x00000000fdd00000|  0%| F|  |TAMS 0x00000000fdc00000, 0x00000000fdc00000| Untracked 
|  29|0x00000000fdd00000, 0x00000000fdd00000, 0x00000000fde00000|  0%| F|  |TAMS 0x00000000fdd00000, 0x00000000fdd00000| Untracked 
|  30|0x00000000fde00000, 0x00000000fde00000, 0x00000000fdf00000|  0%| F|  |TAMS 0x00000000fde00000, 0x00000000fde00000| Untracked 
|  31|0x00000000fdf00000, 0x00000000fdf00000, 0x00000000fe000000|  0%| F|  |TAMS 0x00000000fdf00000, 0x00000000fdf00000| Untracked 
|  32|0x00000000fe000000, 0x00000000fe000000, 0x00000000fe100000|  0%| F|  |TAMS 0x00000000fe000000, 0x00000000fe000000| Untracked 
|  33|0x00000000fe100000, 0x00000000fe100000, 0x00000000fe200000|  0%| F|  |TAMS 0x00000000fe100000, 0x00000000fe100000| Untracked 
|  34|0x00000000fe200000, 0x00000000fe200000, 0x00000000fe300000|  0%| F|  |TAMS 0x00000000fe200000, 0x00000000fe200000| Untracked 
|  35|0x00000000fe300000, 0x00000000fe300000, 0x00000000fe400000|  0%| F|  |TAMS 0x00000000fe300000, 0x00000000fe300000| Untracked 
|  36|0x00000000fe400000, 0x00000000fe400000, 0x00000000fe500000|  0%| F|  |TAMS 0x00000000fe400000, 0x00000000fe400000| Untracked 
|  37|0x00000000fe500000, 0x00000000fe500000, 0x00000000fe600000|  0%| F|  |TAMS 0x00000000fe500000, 0x00000000fe500000| Untracked 
|  38|0x00000000fe600000, 0x00000000fe600000, 0x00000000fe700000|  0%| F|  |TAMS 0x00000000fe600000, 0x00000000fe600000| Untracked 
|  39|0x00000000fe700000, 0x00000000fe700000, 0x00000000fe800000|  0%| F|  |TAMS 0x00000000fe700000, 0x00000000fe700000| Untracked 
|  40|0x00000000fe800000, 0x00000000fe800000, 0x00000000fe900000|  0%| F|  |TAMS 0x00000000fe800000, 0x00000000fe800000| Untracked 
|  41|0x00000000fe900000, 0x00000000fe900000, 0x00000000fea00000|  0%| F|  |TAMS 0x00000000fe900000, 0x00000000fe900000| Untracked 
|  42|0x00000000fea00000, 0x00000000fea00000, 0x00000000feb00000|  0%| F|  |TAMS 0x00000000fea00000, 0x00000000fea00000| Untracked 
|  43|0x00000000feb00000, 0x00000000feb00000, 0x00000000fec00000|  0%| F|  |TAMS 0x00000000feb00000, 0x00000000feb00000| Untracked 
|  44|0x00000000fec00000, 0x00000000fec00000, 0x00000000fed00000|  0%| F|  |TAMS 0x00000000fec00000, 0x00000000fec00000| Untracked 
|  45|0x00000000fed00000, 0x00000000fed00000, 0x00000000fee00000|  0%| F|  |TAMS 0x00000000fed00000, 0x00000000fed00000| Untracked 
|  46|0x00000000fee00000, 0x00000000fee00000, 0x00000000fef00000|  0%| F|  |TAMS 0x00000000fee00000, 0x00000000fee00000| Untracked 
|  47|0x00000000fef00000, 0x00000000fef00000, 0x00000000ff000000|  0%| F|  |TAMS 0x00000000fef00000, 0x00000000fef00000| Untracked 
|  48|0x00000000ff000000, 0x00000000ff000000, 0x00000000ff100000|  0%| F|  |TAMS 0x00000000ff000000, 0x00000000ff000000| Untracked 
|  49|0x00000000ff100000, 0x00000000ff100000, 0x00000000ff200000|  0%| F|  |TAMS 0x00000000ff100000, 0x00000000ff100000| Untracked 
|  50|0x00000000ff200000, 0x00000000ff200000, 0x00000000ff300000|  0%| F|  |TAMS 0x00000000ff200000, 0x00000000ff200000| Untracked 
|  51|0x00000000ff300000, 0x00000000ff300000, 0x00000000ff400000|  0%| F|  |TAMS 0x00000000ff300000, 0x00000000ff300000| Untracked 
|  52|0x00000000ff400000, 0x00000000ff400000, 0x00000000ff500000|  0%| F|  |TAMS 0x00000000ff400000, 0x00000000ff400000| Untracked 
|  53|0x00000000ff500000, 0x00000000ff500000, 0x00000000ff600000|  0%| F|  |TAMS 0x00000000ff500000, 0x00000000ff500000| Untracked 
|  54|0x00000000ff600000, 0x00000000ff600000, 0x00000000ff700000|  0%| F|  |TAMS 0x00000000ff600000, 0x00000000ff600000| Untracked 
|  55|0x00000000ff700000, 0x00000000ff700000, 0x00000000ff800000|  0%| F|  |TAMS 0x00000000ff700000, 0x00000000ff700000| Untracked 
|  56|0x00000000ff800000, 0x00000000ff800000, 0x00000000ff900000|  0%| F|  |TAMS 0x00000000ff800000, 0x00000000ff800000| Untracked 
|  57|0x00000000ff900000, 0x00000000ff900000, 0x00000000ffa00000|  0%| F|  |TAMS 0x00000000ff900000, 0x00000000ff900000| Untracked 
|  58|0x00000000ffa00000, 0x00000000ffa00000, 0x00000000ffb00000|  0%| F|  |TAMS 0x00000000ffa00000, 0x00000000ffa00000| Untracked 
|  59|0x00000000ffb00000, 0x00000000ffb00000, 0x00000000ffc00000|  0%| F|  |TAMS 0x00000000ffb00000, 0x00000000ffb00000| Untracked 
|  60|0x00000000ffc00000, 0x00000000ffc00000, 0x00000000ffd00000|  0%| F|  |TAMS 0x00000000ffc00000, 0x00000000ffc00000| Untracked 
|  61|0x00000000ffd00000, 0x00000000ffd43168, 0x00000000ffe00000| 26%| E|  |TAMS 0x00000000ffd00000, 0x00000000ffd00000| Complete 
|  62|0x00000000ffe00000, 0x00000000fff00000, 0x00000000fff00000|100%| E|CS|TAMS 0x00000000ffe00000, 0x00000000ffe00000| Complete 
|  63|0x00000000fff00000, 0x0000000100000000, 0x0000000100000000|100%| E|CS|TAMS 0x00000000fff00000, 0x00000000fff00000| Complete 

Card table byte_map: [0x000001552c1c0000,0x000001552c1e0000] _byte_map_base: 0x000001552b9e0000

Marking Bits (Prev, Next): (CMBitMap*) 0x000001552e35a9f0, (CMBitMap*) 0x000001552e35aa30
 Prev Bits: [0x000001552e110000, 0x000001552e210000)
 Next Bits: [0x0000015544e60000, 0x0000015544f60000)

Polling page: 0x000001552c170000

Metaspace:

Usage:
  Non-class:   1012.88 KB used.
      Class:    113.55 KB used.
       Both:      1.10 MB used.

Virtual space:
  Non-class space:       64.00 MB reserved,       1.06 MB (  2%) committed,  1 nodes.
      Class space:        1.00 GB reserved,     192.00 KB ( <1%) committed,  1 nodes.
             Both:        1.06 GB reserved,       1.25 MB ( <1%) committed. 

Chunk freelists:
   Non-Class:  11.92 MB
       Class:  15.73 MB
        Both:  27.65 MB

MaxMetaspaceSize: unlimited
CompressedClassSpaceSize: 1.00 GB
Initial GC threshold: 21.00 MB
Current GC threshold: 21.00 MB
CDS: on
MetaspaceReclaimPolicy: balanced
 - commit_granule_bytes: 65536.
 - commit_granule_words: 8192.
 - virtual_space_node_default_size: 8388608.
 - enlarge_chunks_in_place: 1.
 - new_chunks_are_fully_committed: 0.
 - uncommit_free_chunks: 1.
 - use_allocation_guard: 0.
 - handle_deallocations: 1.


Internal statistics:

num_allocs_failed_limit: 0.
num_arena_births: 6.
num_arena_deaths: 0.
num_vsnodes_births: 2.
num_vsnodes_deaths: 0.
num_space_committed: 20.
num_space_uncommitted: 0.
num_chunks_returned_to_freelist: 0.
num_chunks_taken_from_freelist: 17.
num_chunk_merges: 0.
num_chunk_splits: 9.
num_chunks_enlarged: 5.
num_inconsistent_stats: 0.

CodeHeap 'non-profiled nmethods': size=120000Kb used=50Kb max_used=50Kb free=119949Kb
 bounds [0x000001553d930000, 0x000001553dba0000, 0x0000015544e60000]
CodeHeap 'profiled nmethods': size=120000Kb used=276Kb max_used=276Kb free=119723Kb
 bounds [0x0000015535e60000, 0x00000155360d0000, 0x000001553d390000]
CodeHeap 'non-nmethods': size=5760Kb used=1117Kb max_used=1117Kb free=4642Kb
 bounds [0x000001553d390000, 0x000001553d600000, 0x000001553d930000]
 total_blobs=596 nmethods=197 adapters=312
 compilation: enabled
              stopped_count=0, restarted_count=0
 full_count=0

Compilation events (20 events):
Event: 0.465 Thread 0x0000015547524af0 nmethod 154 0x0000015535e8f310 code [0x0000015535e8f4a0, 0x0000015535e8f5e8]
Event: 0.465 Thread 0x000001552e3e8080 nmethod 152 0x000001553d93a190 code [0x000001553d93a300, 0x000001553d93a458]
Event: 0.465 Thread 0x0000015547524af0  155       1       sun.util.locale.BaseLocale::getLanguage (5 bytes)
Event: 0.465 Thread 0x000001552e3e8080  156       4       java.lang.String::isLatin1 (19 bytes)
Event: 0.465 Thread 0x0000015547524af0 nmethod 155 0x000001553d93a510 code [0x000001553d93a6a0, 0x000001553d93a778]
Event: 0.466 Thread 0x000001552e3e8080 nmethod 156 0x000001553d93a810 code [0x000001553d93a980, 0x000001553d93aa18]
Event: 0.537 Thread 0x0000015547524af0  158       3       java.lang.StringLatin1::toUpperCase (186 bytes)
Event: 0.538 Thread 0x0000015547524af0 nmethod 158 0x0000015535e8f690 code [0x0000015535e8f900, 0x0000015535e90458]
Event: 0.538 Thread 0x000001552e3e8080  159       4       jdk.internal.misc.Unsafe::putReferenceRelease (9 bytes)
Event: 0.540 Thread 0x000001552e3e8080 nmethod 159 0x000001553d93ab10 code [0x000001553d93ac80, 0x000001553d93add8]
Event: 0.541 Thread 0x000001552e3e8080  160       4       java.util.concurrent.ConcurrentHashMap::tabAt (22 bytes)
Event: 0.542 Thread 0x000001552e3e8080 nmethod 160 0x000001553d93ae90 code [0x000001553d93b000, 0x000001553d93b058]
Event: 0.543 Thread 0x0000015547524af0  161       3       java.lang.String::toUpperCase (29 bytes)
Event: 0.543 Thread 0x0000015547524af0 nmethod 161 0x0000015535e90890 code [0x0000015535e90a60, 0x0000015535e90d18]
Event: 0.543 Thread 0x0000015547524af0  162       3       java.util.Objects::nonNull (10 bytes)
Event: 0.544 Thread 0x0000015547524af0 nmethod 162 0x0000015535e90e10 code [0x0000015535e90fa0, 0x0000015535e910f8]
Event: 0.544 Thread 0x0000015547524af0  163       3       sun.security.util.KnownOIDs::register (349 bytes)
Event: 0.544 Thread 0x000001552e3e8080  165       4       java.lang.StringLatin1::canEncode (13 bytes)
Event: 0.545 Thread 0x000001552e3e8080 nmethod 165 0x000001553d93b190 code [0x000001553d93b300, 0x000001553d93b378]
Event: 0.548 Thread 0x000001552e3e8080  171       4       java.lang.CharacterDataLatin1::toUpperCaseEx (71 bytes)

GC Heap History (0 events):
No events

Dll operation events (6 events):
Event: 0.096 Loaded shared library C:\Program Files\Microsoft\jdk-17.0.12.7-hotspot\bin\java.dll
Event: 0.172 Loaded shared library C:\Program Files\Microsoft\jdk-17.0.12.7-hotspot\bin\jsvml.dll
Event: 0.323 Loaded shared library C:\Program Files\Microsoft\jdk-17.0.12.7-hotspot\bin\net.dll
Event: 0.326 Loaded shared library C:\Program Files\Microsoft\jdk-17.0.12.7-hotspot\bin\nio.dll
Event: 0.338 Loaded shared library C:\Program Files\Microsoft\jdk-17.0.12.7-hotspot\bin\zip.dll
Event: 0.345 Loaded shared library C:\Program Files\Microsoft\jdk-17.0.12.7-hotspot\bin\verify.dll

Deoptimization events (0 events):
No events

Classes loaded (20 events):
Event: 0.458 Loading class sun/security/util/KnownOIDs$3
Event: 0.458 Loading class sun/security/util/KnownOIDs$3 done
Event: 0.460 Loading class sun/security/util/KnownOIDs$4
Event: 0.460 Loading class sun/security/util/KnownOIDs$4 done
Event: 0.461 Loading class sun/security/util/KnownOIDs$5
Event: 0.461 Loading class sun/security/util/KnownOIDs$5 done
Event: 0.461 Loading class sun/security/util/KnownOIDs$6
Event: 0.461 Loading class sun/security/util/KnownOIDs$6 done
Event: 0.461 Loading class sun/security/util/KnownOIDs$7
Event: 0.461 Loading class sun/security/util/KnownOIDs$7 done
Event: 0.461 Loading class sun/security/util/KnownOIDs$8
Event: 0.461 Loading class sun/security/util/KnownOIDs$8 done
Event: 0.461 Loading class sun/security/util/KnownOIDs$9
Event: 0.461 Loading class sun/security/util/KnownOIDs$9 done
Event: 0.461 Loading class sun/security/util/KnownOIDs$10
Event: 0.462 Loading class sun/security/util/KnownOIDs$10 done
Event: 0.546 Loading class java/util/LinkedHashMap$LinkedKeySet
Event: 0.546 Loading class java/util/LinkedHashMap$LinkedKeySet done
Event: 0.546 Loading class java/util/LinkedHashMap$LinkedKeyIterator
Event: 0.546 Loading class java/util/LinkedHashMap$LinkedKeyIterator done

Classes unloaded (0 events):
No events

Classes redefined (0 events):
No events

Internal exceptions (0 events):
No events

VM Operations (2 events):
Event: 0.340 Executing VM operation: HandshakeAllThreads
Event: 0.340 Executing VM operation: HandshakeAllThreads done

Events (12 events):
Event: 0.173 Thread 0x000001552e338c90 Thread added: 0x000001552e338c90
Event: 0.183 Thread 0x000001552e3ca800 Thread added: 0x000001552e3ca800
Event: 0.183 Thread 0x000001552e3cb680 Thread added: 0x000001552e3cb680
Event: 0.210 Thread 0x000001552e3e2420 Thread added: 0x000001552e3e2420
Event: 0.210 Thread 0x000001552e3e5f60 Thread added: 0x000001552e3e5f60
Event: 0.210 Thread 0x000001552e3e6920 Thread added: 0x000001552e3e6920
Event: 0.211 Thread 0x000001552e3e72e0 Thread added: 0x000001552e3e72e0
Event: 0.211 Thread 0x000001552e3e8080 Thread added: 0x000001552e3e8080
Event: 0.224 Thread 0x0000015547524af0 Thread added: 0x0000015547524af0
Event: 0.226 Thread 0x0000015547527bc0 Thread added: 0x0000015547527bc0
Event: 0.314 Thread 0x00000155475f28d0 Thread added: 0x00000155475f28d0
Event: 0.317 Thread 0x00000155475f8f80 Thread added: 0x00000155475f8f80


Dynamic libraries:
0x00007ff7df840000 - 0x00007ff7df84e000 	C:\Program Files\Microsoft\jdk-17.0.12.7-hotspot\bin\java.exe
0x00007ffd411b0000 - 0x00007ffd413c7000 	C:\Windows\SYSTEM32\ntdll.dll
0x00007ffd40580000 - 0x00007ffd40644000 	C:\Windows\System32\KERNEL32.DLL
0x00007ffd3e4f0000 - 0x00007ffd3e8a7000 	C:\Windows\System32\KERNELBASE.dll
0x00007ffd3ec70000 - 0x00007ffd3ed81000 	C:\Windows\System32\ucrtbase.dll
0x00007ffd01330000 - 0x00007ffd01347000 	C:\Program Files\Microsoft\jdk-17.0.12.7-hotspot\bin\jli.dll
0x00007ffd3fe10000 - 0x00007ffd3ffbf000 	C:\Windows\System32\USER32.dll
0x00007ffd3e4c0000 - 0x00007ffd3e4e6000 	C:\Windows\System32\win32u.dll
0x00007ffd409b0000 - 0x00007ffd409d9000 	C:\Windows\System32\GDI32.dll
0x00007ffd3ed90000 - 0x00007ffd3eea8000 	C:\Windows\System32\gdi32full.dll
0x00007ffd3eae0000 - 0x00007ffd3eb7a000 	C:\Windows\System32\msvcp_win.dll
0x00007ffce8a20000 - 0x00007ffce8a3d000 	C:\Program Files\Microsoft\jdk-17.0.12.7-hotspot\bin\VCRUNTIME140.dll
0x00007ffd2c600000 - 0x00007ffd2c893000 	C:\Windows\WinSxS\amd64_microsoft.windows.common-controls_6595b64144ccf1df_6.0.22621.3672_none_2713b9d173822955\COMCTL32.dll
0x00007ffd409e0000 - 0x00007ffd40a87000 	C:\Windows\System32\msvcrt.dll
0x00007ffd3ffc0000 - 0x00007ffd3fff1000 	C:\Windows\System32\IMM32.DLL
0x00007ffd2c920000 - 0x00007ffd2c92c000 	C:\Program Files\Microsoft\jdk-17.0.12.7-hotspot\bin\vcruntime140_1.dll
0x00007ffcd6fc0000 - 0x00007ffcd704d000 	C:\Program Files\Microsoft\jdk-17.0.12.7-hotspot\bin\msvcp140.dll
0x00007ffc80d90000 - 0x00007ffc81a00000 	C:\Program Files\Microsoft\jdk-17.0.12.7-hotspot\bin\server\jvm.dll
0x00007ffd410b0000 - 0x00007ffd41162000 	C:\Windows\System32\ADVAPI32.dll
0x00007ffd40c70000 - 0x00007ffd40d18000 	C:\Windows\System32\sechost.dll
0x00007ffd3eeb0000 - 0x00007ffd3eed8000 	C:\Windows\System32\bcrypt.dll
0x00007ffd3fa50000 - 0x00007ffd3fb64000 	C:\Windows\System32\RPCRT4.dll
0x00007ffd40650000 - 0x00007ffd406c1000 	C:\Windows\System32\WS2_32.dll
0x00007ffd3e390000 - 0x00007ffd3e3dd000 	C:\Windows\SYSTEM32\POWRPROF.dll
0x00007ffd39ee0000 - 0x00007ffd39f14000 	C:\Windows\SYSTEM32\WINMM.dll
0x00007ffd35b10000 - 0x00007ffd35b1a000 	C:\Windows\SYSTEM32\VERSION.dll
0x00007ffd3e370000 - 0x00007ffd3e383000 	C:\Windows\SYSTEM32\UMPDC.dll
0x00007ffd3d4d0000 - 0x00007ffd3d4e8000 	C:\Windows\SYSTEM32\kernel.appcore.dll
0x00007ffd29f60000 - 0x00007ffd29f6a000 	C:\Program Files\Microsoft\jdk-17.0.12.7-hotspot\bin\jimage.dll
0x00007ffd3bec0000 - 0x00007ffd3c0f2000 	C:\Windows\SYSTEM32\DBGHELP.DLL
0x00007ffd40d20000 - 0x00007ffd410ae000 	C:\Windows\System32\combase.dll
0x00007ffd407d0000 - 0x00007ffd408a7000 	C:\Windows\System32\OLEAUT32.dll
0x00007ffd17a30000 - 0x00007ffd17a62000 	C:\Windows\SYSTEM32\dbgcore.DLL
0x00007ffd3ebf0000 - 0x00007ffd3ec6b000 	C:\Windows\System32\bcryptPrimitives.dll
0x00007ffcd6f90000 - 0x00007ffcd6fb5000 	C:\Program Files\Microsoft\jdk-17.0.12.7-hotspot\bin\java.dll
0x00007ffc90d40000 - 0x00007ffc90e17000 	C:\Program Files\Microsoft\jdk-17.0.12.7-hotspot\bin\jsvml.dll
0x00007ffd3ef50000 - 0x00007ffd3f7b9000 	C:\Windows\System32\SHELL32.dll
0x00007ffd3c3e0000 - 0x00007ffd3ccdf000 	C:\Windows\SYSTEM32\windows.storage.dll
0x00007ffd3c2a0000 - 0x00007ffd3c3df000 	C:\Windows\SYSTEM32\wintypes.dll
0x00007ffd408b0000 - 0x00007ffd409a9000 	C:\Windows\System32\SHCORE.dll
0x00007ffd3f7c0000 - 0x00007ffd3f81e000 	C:\Windows\System32\shlwapi.dll
0x00007ffd3e3f0000 - 0x00007ffd3e417000 	C:\Windows\SYSTEM32\profapi.dll
0x00007ffcd6f70000 - 0x00007ffcd6f8a000 	C:\Program Files\Microsoft\jdk-17.0.12.7-hotspot\bin\net.dll
0x00007ffd38030000 - 0x00007ffd38166000 	C:\Windows\SYSTEM32\WINHTTP.dll
0x00007ffd3d930000 - 0x00007ffd3d999000 	C:\Windows\system32\mswsock.dll
0x00007ffcd6f50000 - 0x00007ffcd6f66000 	C:\Program Files\Microsoft\jdk-17.0.12.7-hotspot\bin\nio.dll
0x00007ffcd6f30000 - 0x00007ffcd6f48000 	C:\Program Files\Microsoft\jdk-17.0.12.7-hotspot\bin\zip.dll
0x00007ffd0f900000 - 0x00007ffd0f910000 	C:\Program Files\Microsoft\jdk-17.0.12.7-hotspot\bin\verify.dll

dbghelp: loaded successfully - version: 4.0.5 - missing functions: none
symbol engine: initialized successfully - sym options: 0x614 - pdb path: .;C:\Program Files\Microsoft\jdk-17.0.12.7-hotspot\bin;C:\Windows\SYSTEM32;C:\Windows\WinSxS\amd64_microsoft.windows.common-controls_6595b64144ccf1df_6.0.22621.3672_none_2713b9d173822955;C:\Program Files\Microsoft\jdk-17.0.12.7-hotspot\bin\server

VM Arguments:
jvm_args: -Xmx64m -Xms64m -Dorg.gradle.appname=gradlew 
java_command: org.gradle.wrapper.GradleWrapperMain app:installDebug -PreactNativeDevServerPort=8081
java_class_path (initial): D:\TechSoft_Assessment\android\\gradle\wrapper\gradle-wrapper.jar
Launcher Type: SUN_STANDARD

[Global flags]
     intx CICompilerCount                          = 3                                         {product} {ergonomic}
     uint ConcGCThreads                            = 1                                         {product} {ergonomic}
     uint G1ConcRefinementThreads                  = 4                                         {product} {ergonomic}
   size_t G1HeapRegionSize                         = 1048576                                   {product} {ergonomic}
    uintx GCDrainStackTargetSize                   = 64                                        {product} {ergonomic}
   size_t InitialHeapSize                          = 67108864                                  {product} {command line}
   size_t MarkStackSize                            = 4194304                                   {product} {ergonomic}
   size_t MaxHeapSize                              = 67108864                                  {product} {command line}
   size_t MaxNewSize                               = 39845888                                  {product} {ergonomic}
   size_t MinHeapDeltaBytes                        = 1048576                                   {product} {ergonomic}
   size_t MinHeapSize                              = 67108864                                  {product} {command line}
    uintx NonNMethodCodeHeapSize                   = 5832780                                {pd product} {ergonomic}
    uintx NonProfiledCodeHeapSize                  = 122912730                              {pd product} {ergonomic}
    uintx ProfiledCodeHeapSize                     = 122912730                              {pd product} {ergonomic}
    uintx ReservedCodeCacheSize                    = 251658240                              {pd product} {ergonomic}
     bool SegmentedCodeCache                       = true                                      {product} {ergonomic}
   size_t SoftMaxHeapSize                          = 67108864                               {manageable} {ergonomic}
     bool UseCompressedClassPointers               = true                           {product lp64_product} {ergonomic}
     bool UseCompressedOops                        = true                           {product lp64_product} {ergonomic}
     bool UseG1GC                                  = true                                      {product} {ergonomic}
     bool UseLargePagesIndividualAllocation        = false                                  {pd product} {ergonomic}

Logging:
Log output configuration:
 #0: stdout all=warning uptime,level,tags
 #1: stderr all=off uptime,level,tags

Environment Variables:
JAVA_HOME=C:\Program Files\Microsoft\jdk-17.0.12.7-hotspot\
CLASSPATH=D:\TechSoft_Assessment\android\\gradle\wrapper\gradle-wrapper.jar
PATH=D:\TechSoft_Assessment\node_modules\.bin;D:\TechSoft_Assessment\android\node_modules\.bin;D:\TechSoft_Assessment\node_modules\.bin;D:\node_modules\.bin;C:\Users\Talha\AppData\Roaming\npm\node_modules\npm\node_modules\@npmcli\run-script\lib\node-gyp-bin;C:\Program Files\Microsoft\jdk-17.0.12.7-hotspot\bin;C:\Windows\system32;C:\Windows;C:\Windows\System32\Wbem;C:\Windows\System32\WindowsPowerShell\v1.0\;C:\Windows\System32\OpenSSH\;C:\ProgramData\chocolatey\bin;C:\Program Files\Git\cmd;C:\Users\Talha\AppData\Local\Android\Sdk\platform-tools;C:\Program Files\Cloudflare\Cloudflare WARP\;C:\Program Files\Docker\Docker\resources\bin;C:\Program Files\mosquitto;C:\Users\Talha\AppData\Local\nvm;C:\nvm4w\nodejs;C:\Users\Talha\AppData\Local\Microsoft\WindowsApps;C:\Users\Talha\AppData\Local\Programs\Microsoft VS Code\bin;C:\Users\Talha\AppData\Roaming\npm;C:\flutter\src\flutter\bin;C:\Users\Talha\AppData\Local\nvm;C:\nvm4w\nodejs;C:\Users\Talha\AppData\Local\Programs\Antigravity\bin
USERNAME=Talha
LANG=en_US.UTF-8
OS=Windows_NT
PROCESSOR_IDENTIFIER=Intel64 Family 6 Model 78 Stepping 3, GenuineIntel
TMP=C:\Users\Talha\AppData\Local\Temp
TEMP=C:\Users\Talha\AppData\Local\Temp



Periodic native trim disabled


---------------  S Y S T E M  ---------------

OS:
 Windows 11 , 64 bit Build 22621 (10.0.22621.3958)
OS uptime: 2 days 5:00 hours
Hyper-V role detected

CPU: total 4 (initial active 4) (2 cores per cpu, 2 threads per core) family 6 model 78 stepping 3 microcode 0xea, cx8, cmov, fxsr, ht, mmx, 3dnowpref, sse, sse2, sse3, ssse3, sse4.1, sse4.2, popcnt, lzcnt, tsc, tscinvbit, avx, avx2, aes, erms, clmul, bmi1, bmi2, rtm, adx, fma, vzeroupper, clflush, clflushopt, hv
Processor Information for the first 4 processors :
  Max Mhz: 2496, Current Mhz: 2396, Mhz Limit: 2396

Memory: 4k page, system-wide physical 8073M (243M free)
TotalPageFile size 20640M (AvailPageFile size 0M)
current process WorkingSet (physical memory assigned to process): 38M, peak: 38M
current process commit charge ("private bytes"): 136M, peak: 136M

vm_info: OpenJDK 64-Bit Server VM (17.0.12+7-LTS) for windows-amd64 JRE (17.0.12+7-LTS), built on Jul 16 2024 18:11:44 by "MicrosoftCorporation" with unknown MS VC++:1939

END.
